<?xml version="1.0" encoding="UTF-8"?>
<!-- Generated by org.testng.reporters.JUnitReportReporter -->
<testsuite hostname="3icube-PC" name="customers.NewTest" tests="1" failures="0" timestamp="19 Dec 2013 09:39:22 GMT" time="23.662" errors="0">
  <testcase name="f" time="23.662" classname="customers.NewTest"/>
</testsuite> <!-- customers.NewTest -->
